<?xml version="1.0" encoding="UTF-8"?>
<!-- Generated by org.testng.reporters.JUnitXMLReporter -->
<testsuite ignored="0" hostname="ILAPO-22-1543" failures="2" tests="6" name="Surefire test" time="69.037" errors="0" timestamp="2024-10-11T18:02:00 IST">
  <testcase classname="io.cucumber.testng.AbstractTestNGCucumberTests" name="runScenario" time="3.876">
    <failure type="java.lang.NullPointerException" message="Cannot invoke &amp;quot;org.openqa.selenium.WebElement.findElement(org.openqa.selenium.By)&amp;quot; because &amp;quot;prod&amp;quot; is null">
      <![CDATA[java.lang.NullPointerException: Cannot invoke "org.openqa.selenium.WebElement.findElement(org.openqa.selenium.By)" because "prod" is null
at KanhaFramework.pageObjects.ProductCatalogue.addProductToCart(ProductCatalogue.java:45)
at KanhaFrameworkDesign.stepDefinitions.StepDefinationImp.i_add_product_to_cart(StepDefinationImp.java:53)
at âœ½.I add product product to cart(file:///C:/Users/kanhucharan.ghadai/eclipse-workspace/Framework/src/test/java/Cucumber/PurchaseOrder.feature:8)
]]>
    </failure>
  </testcase> <!-- runScenario -->
  <testcase classname="KanhaFrameworkDesign.tests.ErrorValidationTest" name="loginErrorValidation" time="0.654"/>
  <testcase classname="KanhaFrameworkDesign.tests.ErrorValidationTest" name="productErrorValidation" time="8.966"/>
  <testcase classname="KanhaFrameworkDesign.tests.SampleTest" name="submitOrder" time="20.16"/>
  <testcase classname="KanhaFrameworkDesign.tests.SampleTest" name="submitOrder" time="25.023"/>
  <testcase classname="KanhaFrameworkDesign.tests.SampleTest" name="orderHistory" time="0.004">
    <failure type="org.testng.internal.reflect.MethodMatcherException" message="
[public void KanhaFrameworkDesign.tests.SampleTest.orderHistory(java.lang.String,java.lang.String,java.lang.String)] has no parameters defined but was found to be using a data provider (either explicitly specified or inherited from class level annotation).
Data provider mismatch
Method: orderHistory([java.lang.String arg0, java.lang.String arg1, java.lang.String arg2])
Arguments: [(java.util.HashMap) {password=Kanha@6173, email=kanhu@gmail.com, productName=ZARA COAT 3}]">
      <![CDATA[org.testng.internal.reflect.MethodMatcherException: 
[public void KanhaFrameworkDesign.tests.SampleTest.orderHistory(java.lang.String,java.lang.String,java.lang.String)] has no parameters defined but was found to be using a data provider (either explicitly specified or inherited from class level annotation).
Data provider mismatch
Method: orderHistory([java.lang.String arg0, java.lang.String arg1, java.lang.String arg2])
Arguments: [(java.util.HashMap) {password=Kanha@6173, email=kanhu@gmail.com, productName=ZARA COAT 3}]
at java.base/java.util.ArrayList.forEach(ArrayList.java:1596)
... Removed 27 stack frames]]>
    </failure>
  </testcase> <!-- orderHistory -->
</testsuite> <!-- Surefire test -->
